2017-05-19 19:56:33 INFO  App:25 - Reporting data after 10 sales
2017-05-19 19:56:33 INFO  App:25 - Reporting data after 10 sales
2017-05-19 19:56:33 INFO  App:25 - Reporting data after 10 sales
2017-05-19 19:56:33 INFO  App:25 - Reporting data after 10 sales
2017-05-19 19:56:33 INFO  App:25 - Reporting data after 10 sales
2017-05-19 19:56:33 INFO  App:29 - Reporting data after 50 sales
2017-05-19 19:56:59 INFO  App:25 - Reporting data after 10 sales
2017-05-19 19:56:59 INFO  App:25 - Reporting data after 10 sales
2017-05-19 19:56:59 INFO  App:25 - Reporting data after 10 sales
2017-05-19 19:56:59 INFO  App:25 - Reporting data after 10 sales
2017-05-19 19:56:59 INFO  App:25 - Reporting data after 10 sales
2017-05-19 19:56:59 INFO  App:29 - Reporting data after 50 sales
2017-05-19 20:01:41 FATAL App:36 - java.lang.IllegalArgumentException: InputStream cannot be null
java.lang.IllegalArgumentException: InputStream cannot be null
	at javax.xml.parsers.SAXParser.parse(Unknown Source)
	at com.jpm.msg.prc.controller.MessageReader.process(MessageReader.java:74)
	at com.jpm.msg.prc.app.App.main(App.java:20)
2017-05-19 20:01:49 FATAL App:36 - java.lang.IllegalArgumentException: InputStream cannot be null
java.lang.IllegalArgumentException: InputStream cannot be null
	at javax.xml.parsers.SAXParser.parse(Unknown Source)
	at com.jpm.msg.prc.controller.MessageReader.process(MessageReader.java:74)
	at com.jpm.msg.prc.app.App.main(App.java:20)
2017-05-19 20:02:19 INFO  App:27 - Reporting data after 10 sales
2017-05-19 20:02:19 INFO  App:27 - Reporting data after 10 sales
2017-05-19 20:02:19 INFO  App:27 - Reporting data after 10 sales
2017-05-19 20:02:19 INFO  App:27 - Reporting data after 10 sales
2017-05-19 20:02:19 INFO  App:27 - Reporting data after 10 sales
2017-05-19 20:02:19 INFO  App:31 - Reporting data after 50 sales
2017-05-19 20:03:04 FATAL App:37 - java.lang.IllegalArgumentException: InputStream cannot be null
java.lang.IllegalArgumentException: InputStream cannot be null
	at javax.xml.parsers.SAXParser.parse(Unknown Source)
	at com.jpm.msg.prc.controller.MessageReader.process(MessageReader.java:74)
	at com.jpm.msg.prc.app.App.main(App.java:20)
2017-05-19 20:03:35 INFO  App:27 - Reporting data after 10 sales
2017-05-19 20:03:35 INFO  App:27 - Reporting data after 10 sales
2017-05-19 20:03:35 INFO  App:27 - Reporting data after 10 sales
2017-05-19 20:03:35 INFO  App:27 - Reporting data after 10 sales
2017-05-19 20:03:35 INFO  App:27 - Reporting data after 10 sales
2017-05-19 20:03:35 INFO  App:31 - Reporting data after 50 sales
2017-05-19 20:05:52 INFO  App:27 - Reporting data after 10 sales
2017-05-19 20:05:52 INFO  App:27 - Reporting data after 10 sales
2017-05-19 20:05:52 INFO  App:27 - Reporting data after 10 sales
2017-05-19 20:05:52 INFO  App:27 - Reporting data after 10 sales
2017-05-19 20:05:52 INFO  App:27 - Reporting data after 10 sales
2017-05-19 20:05:52 INFO  App:31 - Reporting data after 50 sales
2017-05-19 20:30:48 INFO  App:27 - Reporting data after 10 sales
2017-05-19 20:30:48 INFO  App:27 - Reporting data after 10 sales
2017-05-19 20:30:48 INFO  App:27 - Reporting data after 10 sales
2017-05-19 20:30:48 INFO  App:27 - Reporting data after 10 sales
2017-05-19 20:30:48 INFO  App:27 - Reporting data after 10 sales
2017-05-19 20:30:48 INFO  App:31 - Reporting data after 50 sales
2017-05-19 20:33:08 INFO  App:27 - Reporting data after 10 sales
2017-05-19 20:33:08 INFO  App:27 - Reporting data after 10 sales
2017-05-19 20:33:08 INFO  App:27 - Reporting data after 10 sales
2017-05-19 20:33:08 INFO  App:27 - Reporting data after 10 sales
2017-05-19 20:33:08 INFO  App:27 - Reporting data after 10 sales
2017-05-19 20:33:08 INFO  App:31 - Reporting data after 50 sales
2017-05-19 20:47:36 INFO  App:33 - Reporting data after 10 sales
2017-05-19 20:47:36 INFO  App:33 - Reporting data after 10 sales
2017-05-19 20:47:36 INFO  App:33 - Reporting data after 10 sales
2017-05-19 20:47:36 INFO  App:33 - Reporting data after 10 sales
2017-05-19 20:47:36 INFO  App:33 - Reporting data after 10 sales
2017-05-19 20:47:36 INFO  App:37 - Reporting data after 50 sales
2017-05-19 21:15:32 INFO  App:33 - Reporting data after 10 sales
2017-05-19 21:15:32 INFO  App:33 - Reporting data after 10 sales
2017-05-19 21:15:32 INFO  App:33 - Reporting data after 10 sales
2017-05-19 21:15:32 INFO  App:33 - Reporting data after 10 sales
2017-05-19 21:15:32 INFO  App:33 - Reporting data after 10 sales
2017-05-19 21:15:32 INFO  App:37 - Reporting data after 50 sales
2017-05-19 21:24:49 INFO  App:33 - Reporting data after 10 sales
2017-05-19 21:24:49 INFO  App:33 - Reporting data after 10 sales
2017-05-19 21:24:49 INFO  App:33 - Reporting data after 10 sales
2017-05-19 21:24:49 INFO  App:33 - Reporting data after 10 sales
2017-05-19 21:24:49 INFO  App:33 - Reporting data after 10 sales
2017-05-19 21:24:49 INFO  App:37 - Reporting data after 50 sales
2017-05-19 21:47:11 INFO  MessageController:109 - Creating a SAXParser.
2017-05-19 21:47:11 INFO  MessageController:112 - Reading input data file.
2017-05-19 21:47:11 INFO  MessageController:62 - Creating new message.
2017-05-19 21:47:11 INFO  MessageController:82 - adding message to list.
2017-05-19 21:47:11 INFO  MessageController:62 - Creating new message.
2017-05-19 21:47:11 INFO  MessageController:82 - adding message to list.
2017-05-19 21:47:11 INFO  MessageController:82 - adding message to list.
2017-05-19 21:47:11 INFO  MessageController:62 - Creating new message.
2017-05-19 21:47:11 INFO  MessageController:82 - adding message to list.
2017-05-19 21:47:11 INFO  MessageController:82 - adding message to list.
2017-05-19 21:47:11 INFO  MessageController:62 - Creating new message.
2017-05-19 21:47:11 INFO  MessageController:82 - adding message to list.
2017-05-19 21:47:11 INFO  MessageController:82 - adding message to list.
2017-05-19 21:47:11 INFO  MessageController:62 - Creating new message.
2017-05-19 21:47:11 INFO  MessageController:82 - adding message to list.
2017-05-19 21:47:11 INFO  MessageController:62 - Creating new message.
2017-05-19 21:47:11 INFO  MessageController:82 - adding message to list.
2017-05-19 21:47:11 INFO  MessageController:82 - adding message to list.
2017-05-19 21:47:11 INFO  MessageController:62 - Creating new message.
2017-05-19 21:47:11 INFO  MessageController:82 - adding message to list.
2017-05-19 21:47:11 INFO  MessageController:82 - adding message to list.
2017-05-19 21:47:11 INFO  MessageController:62 - Creating new message.
2017-05-19 21:47:11 INFO  MessageController:82 - adding message to list.
2017-05-19 21:47:11 INFO  MessageController:82 - adding message to list.
2017-05-19 21:47:11 INFO  MessageController:62 - Creating new message.
2017-05-19 21:47:11 INFO  MessageController:82 - adding message to list.
2017-05-19 21:47:11 INFO  MessageController:62 - Creating new message.
2017-05-19 21:47:11 INFO  MessageController:82 - adding message to list.
2017-05-19 21:47:11 INFO  MessageController:82 - adding message to list.
2017-05-19 21:47:11 INFO  MessageController:62 - Creating new message.
2017-05-19 21:47:11 INFO  MessageController:82 - adding message to list.
2017-05-19 21:47:11 INFO  MessageController:82 - adding message to list.
2017-05-19 21:47:11 INFO  MessageController:62 - Creating new message.
2017-05-19 21:47:11 INFO  MessageController:82 - adding message to list.
2017-05-19 21:47:11 INFO  MessageController:82 - adding message to list.
2017-05-19 21:47:11 INFO  MessageController:62 - Creating new message.
2017-05-19 21:47:11 INFO  MessageController:82 - adding message to list.
2017-05-19 21:47:11 INFO  MessageController:82 - adding message to list.
2017-05-19 21:47:11 INFO  MessageController:62 - Creating new message.
2017-05-19 21:47:11 INFO  MessageController:82 - adding message to list.
2017-05-19 21:47:11 INFO  MessageController:82 - adding message to list.
2017-05-19 21:47:11 INFO  MessageController:62 - Creating new message.
2017-05-19 21:47:11 INFO  MessageController:82 - adding message to list.
2017-05-19 21:47:11 INFO  MessageController:82 - adding message to list.
2017-05-19 21:47:11 INFO  MessageController:62 - Creating new message.
2017-05-19 21:47:11 INFO  MessageController:82 - adding message to list.
2017-05-19 21:47:11 INFO  MessageController:82 - adding message to list.
2017-05-19 21:47:11 INFO  MessageController:62 - Creating new message.
2017-05-19 21:47:11 INFO  MessageController:82 - adding message to list.
2017-05-19 21:47:11 INFO  MessageController:62 - Creating new message.
2017-05-19 21:47:11 INFO  MessageController:82 - adding message to list.
2017-05-19 21:47:11 INFO  MessageController:82 - adding message to list.
2017-05-19 21:47:11 INFO  MessageController:62 - Creating new message.
2017-05-19 21:47:11 INFO  MessageController:82 - adding message to list.
2017-05-19 21:47:11 INFO  MessageController:82 - adding message to list.
2017-05-19 21:47:11 INFO  MessageController:62 - Creating new message.
2017-05-19 21:47:11 INFO  MessageController:82 - adding message to list.
2017-05-19 21:47:11 INFO  MessageController:62 - Creating new message.
2017-05-19 21:47:11 INFO  MessageController:82 - adding message to list.
2017-05-19 21:47:11 INFO  MessageController:62 - Creating new message.
2017-05-19 21:47:11 INFO  MessageController:82 - adding message to list.
2017-05-19 21:47:11 INFO  MessageController:82 - adding message to list.
2017-05-19 21:47:11 INFO  MessageController:62 - Creating new message.
2017-05-19 21:47:11 INFO  MessageController:82 - adding message to list.
2017-05-19 21:47:11 INFO  MessageController:82 - adding message to list.
2017-05-19 21:47:11 INFO  MessageController:62 - Creating new message.
2017-05-19 21:47:11 INFO  MessageController:82 - adding message to list.
2017-05-19 21:47:11 INFO  MessageController:82 - adding message to list.
2017-05-19 21:47:11 INFO  MessageController:62 - Creating new message.
2017-05-19 21:47:11 INFO  MessageController:82 - adding message to list.
2017-05-19 21:47:11 INFO  MessageController:62 - Creating new message.
2017-05-19 21:47:11 INFO  MessageController:82 - adding message to list.
2017-05-19 21:47:11 INFO  MessageController:82 - adding message to list.
2017-05-19 21:47:11 INFO  MessageController:62 - Creating new message.
2017-05-19 21:47:11 INFO  MessageController:82 - adding message to list.
2017-05-19 21:47:11 INFO  MessageController:82 - adding message to list.
2017-05-19 21:47:11 INFO  MessageController:62 - Creating new message.
2017-05-19 21:47:11 INFO  MessageController:82 - adding message to list.
2017-05-19 21:47:11 INFO  MessageController:82 - adding message to list.
2017-05-19 21:47:11 INFO  MessageController:62 - Creating new message.
2017-05-19 21:47:11 INFO  MessageController:82 - adding message to list.
2017-05-19 21:47:11 INFO  MessageController:62 - Creating new message.
2017-05-19 21:47:11 INFO  MessageController:82 - adding message to list.
2017-05-19 21:47:11 INFO  MessageController:82 - adding message to list.
2017-05-19 21:47:11 INFO  MessageController:62 - Creating new message.
2017-05-19 21:47:11 INFO  MessageController:82 - adding message to list.
2017-05-19 21:47:11 INFO  MessageController:82 - adding message to list.
2017-05-19 21:47:11 INFO  MessageController:62 - Creating new message.
2017-05-19 21:47:11 INFO  MessageController:82 - adding message to list.
2017-05-19 21:47:11 INFO  MessageController:82 - adding message to list.
2017-05-19 21:47:11 INFO  MessageController:62 - Creating new message.
2017-05-19 21:47:11 INFO  MessageController:82 - adding message to list.
2017-05-19 21:47:11 INFO  MessageController:82 - adding message to list.
2017-05-19 21:47:11 INFO  MessageController:62 - Creating new message.
2017-05-19 21:47:11 INFO  MessageController:82 - adding message to list.
2017-05-19 21:47:11 INFO  MessageController:82 - adding message to list.
2017-05-19 21:47:11 INFO  MessageController:62 - Creating new message.
2017-05-19 21:47:11 INFO  MessageController:82 - adding message to list.
2017-05-19 21:47:11 INFO  MessageController:82 - adding message to list.
2017-05-19 21:47:11 INFO  MessageController:62 - Creating new message.
2017-05-19 21:47:11 INFO  MessageController:82 - adding message to list.
2017-05-19 21:47:11 INFO  MessageController:82 - adding message to list.
2017-05-19 21:47:11 INFO  MessageController:62 - Creating new message.
2017-05-19 21:47:11 INFO  MessageController:82 - adding message to list.
2017-05-19 21:47:11 INFO  MessageController:62 - Creating new message.
2017-05-19 21:47:11 INFO  MessageController:82 - adding message to list.
2017-05-19 21:47:11 INFO  MessageController:82 - adding message to list.
2017-05-19 21:47:11 INFO  MessageController:62 - Creating new message.
2017-05-19 21:47:11 INFO  MessageController:82 - adding message to list.
2017-05-19 21:47:11 INFO  MessageController:82 - adding message to list.
2017-05-19 21:47:11 INFO  MessageController:62 - Creating new message.
2017-05-19 21:47:11 INFO  MessageController:82 - adding message to list.
2017-05-19 21:47:11 INFO  MessageController:62 - Creating new message.
2017-05-19 21:47:11 INFO  MessageController:82 - adding message to list.
2017-05-19 21:47:11 INFO  MessageController:82 - adding message to list.
2017-05-19 21:47:11 INFO  MessageController:62 - Creating new message.
2017-05-19 21:47:11 INFO  MessageController:82 - adding message to list.
2017-05-19 21:47:11 INFO  MessageController:82 - adding message to list.
2017-05-19 21:47:11 INFO  MessageController:62 - Creating new message.
2017-05-19 21:47:11 INFO  MessageController:82 - adding message to list.
2017-05-19 21:47:11 INFO  MessageController:82 - adding message to list.
2017-05-19 21:47:11 INFO  MessageController:62 - Creating new message.
2017-05-19 21:47:11 INFO  MessageController:82 - adding message to list.
2017-05-19 21:47:11 INFO  MessageController:82 - adding message to list.
2017-05-19 21:47:11 INFO  MessageController:62 - Creating new message.
2017-05-19 21:47:11 INFO  MessageController:82 - adding message to list.
2017-05-19 21:47:11 INFO  MessageController:82 - adding message to list.
2017-05-19 21:47:11 INFO  MessageController:62 - Creating new message.
2017-05-19 21:47:11 INFO  MessageController:82 - adding message to list.
2017-05-19 21:47:11 INFO  MessageController:82 - adding message to list.
2017-05-19 21:47:11 INFO  MessageController:62 - Creating new message.
2017-05-19 21:47:11 INFO  MessageController:82 - adding message to list.
2017-05-19 21:47:11 INFO  MessageController:62 - Creating new message.
2017-05-19 21:47:11 INFO  MessageController:82 - adding message to list.
2017-05-19 21:47:11 INFO  MessageController:82 - adding message to list.
2017-05-19 21:47:11 INFO  MessageController:62 - Creating new message.
2017-05-19 21:47:11 INFO  MessageController:82 - adding message to list.
2017-05-19 21:47:11 INFO  MessageController:82 - adding message to list.
2017-05-19 21:47:11 INFO  MessageController:62 - Creating new message.
2017-05-19 21:47:11 INFO  MessageController:82 - adding message to list.
2017-05-19 21:47:11 INFO  MessageController:82 - adding message to list.
2017-05-19 21:47:11 INFO  DataController:60 - Addding a normal sale data
2017-05-19 21:47:11 INFO  DataController:60 - Addding a normal sale data
2017-05-19 21:47:11 INFO  DataController:55 - Addding a operation sale data
2017-05-19 21:47:11 INFO  DataController:60 - Addding a normal sale data
2017-05-19 21:47:11 INFO  DataController:60 - Addding a normal sale data
2017-05-19 21:47:11 INFO  DataController:55 - Addding a operation sale data
2017-05-19 21:47:11 INFO  DataController:55 - Addding a operation sale data
2017-05-19 21:47:11 INFO  DataController:60 - Addding a normal sale data
2017-05-19 21:47:11 INFO  DataController:60 - Addding a normal sale data
2017-05-19 21:47:11 INFO  DataController:55 - Addding a operation sale data
2017-05-19 21:47:11 INFO  App:33 - Reporting data after 10 sales
2017-05-19 21:47:11 INFO  DataController:60 - Addding a normal sale data
2017-05-19 21:47:11 INFO  DataController:55 - Addding a operation sale data
2017-05-19 21:47:11 INFO  DataController:55 - Addding a operation sale data
2017-05-19 21:47:11 INFO  DataController:55 - Addding a operation sale data
2017-05-19 21:47:11 INFO  DataController:55 - Addding a operation sale data
2017-05-19 21:47:11 INFO  DataController:60 - Addding a normal sale data
2017-05-19 21:47:11 INFO  DataController:60 - Addding a normal sale data
2017-05-19 21:47:11 INFO  DataController:55 - Addding a operation sale data
2017-05-19 21:47:11 INFO  DataController:60 - Addding a normal sale data
2017-05-19 21:47:11 INFO  DataController:60 - Addding a normal sale data
2017-05-19 21:47:11 INFO  App:33 - Reporting data after 10 sales
2017-05-19 21:47:11 INFO  DataController:60 - Addding a normal sale data
2017-05-19 21:47:11 INFO  DataController:60 - Addding a normal sale data
2017-05-19 21:47:11 INFO  DataController:55 - Addding a operation sale data
2017-05-19 21:47:11 INFO  DataController:60 - Addding a normal sale data
2017-05-19 21:47:11 INFO  DataController:60 - Addding a normal sale data
2017-05-19 21:47:11 INFO  DataController:55 - Addding a operation sale data
2017-05-19 21:47:11 INFO  DataController:55 - Addding a operation sale data
2017-05-19 21:47:11 INFO  DataController:60 - Addding a normal sale data
2017-05-19 21:47:11 INFO  DataController:60 - Addding a normal sale data
2017-05-19 21:47:11 INFO  DataController:55 - Addding a operation sale data
2017-05-19 21:47:11 INFO  App:33 - Reporting data after 10 sales
2017-05-19 21:47:11 INFO  DataController:60 - Addding a normal sale data
2017-05-19 21:47:11 INFO  DataController:55 - Addding a operation sale data
2017-05-19 21:47:11 INFO  DataController:55 - Addding a operation sale data
2017-05-19 21:47:11 INFO  DataController:55 - Addding a operation sale data
2017-05-19 21:47:11 INFO  DataController:55 - Addding a operation sale data
2017-05-19 21:47:11 INFO  DataController:60 - Addding a normal sale data
2017-05-19 21:47:11 INFO  DataController:60 - Addding a normal sale data
2017-05-19 21:47:11 INFO  DataController:55 - Addding a operation sale data
2017-05-19 21:47:11 INFO  DataController:60 - Addding a normal sale data
2017-05-19 21:47:11 INFO  DataController:60 - Addding a normal sale data
2017-05-19 21:47:11 INFO  App:33 - Reporting data after 10 sales
2017-05-19 21:47:11 INFO  DataController:60 - Addding a normal sale data
2017-05-19 21:47:11 INFO  DataController:55 - Addding a operation sale data
2017-05-19 21:47:11 INFO  DataController:55 - Addding a operation sale data
2017-05-19 21:47:11 INFO  DataController:55 - Addding a operation sale data
2017-05-19 21:47:11 INFO  DataController:55 - Addding a operation sale data
2017-05-19 21:47:11 INFO  DataController:60 - Addding a normal sale data
2017-05-19 21:47:11 INFO  DataController:60 - Addding a normal sale data
2017-05-19 21:47:11 INFO  DataController:55 - Addding a operation sale data
2017-05-19 21:47:11 INFO  DataController:60 - Addding a normal sale data
2017-05-19 21:47:11 INFO  DataController:60 - Addding a normal sale data
2017-05-19 21:47:11 INFO  App:33 - Reporting data after 10 sales
2017-05-19 21:47:11 INFO  App:37 - Reporting data after 50 sales
